[91mQ4: [00mQuery results (1a, broadcast):
+----+---------------------------+-----+
|Year|Average Distance to Station|#    |
+----+---------------------------+-----+
|2010|2.783696047269014          |8161 |
|2011|2.790426955613486          |7225 |
|2012|2.8343652755969226         |6521 |
|2013|2.830277105758436          |5851 |
|2014|2.733088559711193          |5929 |
|2015|2.703595992355386          |6766 |
|2016|2.717656509409694          |8094 |
|2017|2.7212269533164672         |7783 |
|2018|2.735764748851274          |7415 |
|2019|2.7408624585165544         |7136 |
|2020|2.687914973224239          |8493 |
|2021|2.6375931082053317         |9748 |
|2022|2.610219041558848          |10031|
|2023|2.54960880529589           |9482 |
|2024|2.4430265681116463         |354  |
+----+---------------------------+-----+


[91mQ4: [00mQuery results (1b, broadcast):
+----------------+---------------------------+-----+
|Division        |Average Distance to Station|#    |
+----------------+---------------------------+-----+
|77TH STREET     |2.6927547958919194         |16700|
|SOUTHEAST       |2.105002896406666          |12634|
|NEWTON          |2.016270068670076          |9681 |
|SOUTHWEST       |2.700615280714631          |8709 |
|HOLLENBECK      |2.65092382544742           |6137 |
|HARBOR          |4.080449607048249          |5497 |
|RAMPART         |1.5766882736582195         |5051 |
|MISSION         |4.705282439681721          |4400 |
|OLYMPIC         |1.8227182453541246         |4337 |
|NORTHEAST       |3.905963751966555          |3875 |
|FOOTHILL        |3.800913612906989          |3699 |
|HOLLYWOOD       |1.4577596183463502         |3586 |
|CENTRAL         |1.138532636288764          |3547 |
|WILSHIRE        |2.3168914786079724         |3458 |
|NORTH HOLLYWOOD |2.7179195104737284         |3372 |
|WEST VALLEY     |3.521784264453557          |2815 |
|VAN NUYS        |2.2168453015319813         |2664 |
|PACIFIC         |3.7369631284284877         |2662 |
|DEVONSHIRE      |4.010477513822523          |2410 |
|TOPANGA         |3.485203169857805          |2236 |
|WEST LOS ANGELES|4.255995450544175          |1519 |
+----------------+---------------------------+-----+


[91mQ4: [00mQuery results (2a, broadcast):
+----+-----------------------------------+-----+
|Year|Average Distance to Closest Station|#    |
+----+-----------------------------------+-----+
|2010|2.4349477369509684                 |8161 |
|2011|2.458267744224069                  |7225 |
|2012|2.5046546495176374                 |6521 |
|2013|2.4592839268144955                 |5851 |
|2014|2.3809074428274775                 |5929 |
|2015|2.386665105327522                  |6766 |
|2016|2.42585116309508                   |8094 |
|2017|2.3902494493339974                 |7783 |
|2018|2.411711276721766                  |7415 |
|2019|2.4303510725294513                 |7136 |
|2020|2.3817739655085055                 |8493 |
|2021|2.351856827983618                  |9748 |
|2022|2.3140475376797567                 |10031|
|2023|2.268370137452765                  |9482 |
|2024|2.1491827819887894                 |354  |
+----+-----------------------------------+-----+


[91mQ4: [00mQuery results (2b, broadcast):
+----------------+-----------------------------------+-----+
|Division        |Average Distance to Closest Station|#    |
+----------------+-----------------------------------+-----+
|77TH STREET     |1.7190788618963713                 |13562|
|SOUTHEAST       |2.2030893184569993                 |11578|
|SOUTHWEST       |2.277649926893795                  |11273|
|NEWTON          |1.56940614427311                   |7197 |
|WILSHIRE        |2.4438709710669313                 |6303 |
|HOLLENBECK      |2.63640139045426                   |6199 |
|OLYMPIC         |1.659564311851239                  |5448 |
|HOLLYWOOD       |2.0076579991121846                 |5401 |
|HARBOR          |3.8941929826940496                 |5373 |
|RAMPART         |1.3982366199537841                 |4762 |
|VAN NUYS        |2.962885260188082                  |4660 |
|FOOTHILL        |3.597132157470032                  |4467 |
|CENTRAL         |1.0212104014528278                 |3639 |
|NORTH HOLLYWOOD |2.7301871915462854                 |3347 |
|NORTHEAST       |3.7579984418749395                 |3120 |
|MISSION         |3.8027845458999865                 |2795 |
|WEST VALLEY     |2.783805681041158                  |2769 |
|PACIFIC         |3.7058362403270797                 |2538 |
|TOPANGA         |3.0433842463875433                 |2298 |
|DEVONSHIRE      |2.9852680008189942                 |1238 |
|WEST LOS ANGELES|2.7660855706718697                 |1022 |
+----------------+-----------------------------------+-----+


