[91mQ1: [00mQuery results:
+----+-----+------------+---+
|Year|Month|Total Crimes|#  |
+----+-----+------------+---+
|2010|1    |19517       |1  |
|2010|3    |18131       |2  |
|2010|7    |17856       |3  |
|2011|1    |18138       |1  |
|2011|7    |17283       |2  |
|2011|10   |17034       |3  |
|2012|1    |17946       |1  |
|2012|8    |17661       |2  |
|2012|5    |17502       |3  |
|2013|8    |17441       |1  |
|2013|1    |16822       |2  |
|2013|7    |16644       |3  |
|2014|10   |17329       |1  |
|2014|7    |17258       |2  |
|2014|12   |17198       |3  |
|2015|10   |19220       |1  |
|2015|8    |19011       |2  |
|2015|7    |18709       |3  |
|2016|10   |19659       |1  |
|2016|8    |19491       |2  |
|2016|7    |19448       |3  |
|2017|10   |20433       |1  |
|2017|7    |20193       |2  |
|2017|1    |19835       |3  |
|2018|5    |19974       |1  |
+----+-----+------------+---+
only showing top 25 rows


